This is pdfTeX, Version 3.1415926-1.40.10 (TeX Live 2009/Debian) (format=pdflatex 2014.1.2)  4 JAN 2014 09:51
entering extended mode
 %&-line parsing enabled.
**bachelor_thesis.tex
(./bachelor_thesis.tex
LaTeX2e <2009/09/24>
Babel <v3.8l> and hyphenation patterns for english, usenglishmax, dumylang, noh
yphenation, loaded.
(/usr/share/texmf-texlive/tex/latex/base/report.cls
Document Class: report 2007/10/19 v1.4h Standard LaTeX document class
(/usr/share/texmf-texlive/tex/latex/base/size12.clo
File: size12.clo 2007/10/19 v1.4h Standard LaTeX file (size option)
)
\c@part=\count79
\c@chapter=\count80
\c@section=\count81
\c@subsection=\count82
\c@subsubsection=\count83
\c@paragraph=\count84
\c@subparagraph=\count85
\c@figure=\count86
\c@table=\count87
\abovecaptionskip=\skip41
\belowcaptionskip=\skip42
\bibindent=\dimen102
)
(/usr/share/texmf-texlive/tex/latex/hyperref/hyperref.sty
Package: hyperref 2009/10/09 v6.79a Hypertext links for LaTeX

(/usr/share/texmf-texlive/tex/latex/graphics/keyval.sty
Package: keyval 1999/03/16 v1.13 key=value parser (DPC)
\KV@toks@=\toks14
)
(/usr/share/texmf-texlive/tex/generic/oberdiek/ifpdf.sty
Package: ifpdf 2009/04/10 v2.0 Provides the ifpdf switch (HO)
Package ifpdf Info: pdfTeX in pdf mode detected.
)
(/usr/share/texmf-texlive/tex/generic/oberdiek/ifvtex.sty
Package: ifvtex 2008/11/04 v1.4 Switches for detecting VTeX and its modes (HO)
Package ifvtex Info: VTeX not detected.
)
(/usr/share/texmf-texlive/tex/generic/ifxetex/ifxetex.sty
Package: ifxetex 2009/01/23 v0.5 Provides ifxetex conditional
)
(/usr/share/texmf-texlive/tex/latex/oberdiek/hycolor.sty
Package: hycolor 2009/10/02 v1.5 Code for color options of hyperref/bookmark (H
O)

(/usr/share/texmf-texlive/tex/latex/oberdiek/xcolor-patch.sty
Package: xcolor-patch 2009/10/02 xcolor patch
))
\@linkdim=\dimen103
\Hy@linkcounter=\count88
\Hy@pagecounter=\count89

(/usr/share/texmf-texlive/tex/latex/hyperref/pd1enc.def
File: pd1enc.def 2009/10/09 v6.79a Hyperref: PDFDocEncoding definition (HO)
)
(/usr/share/texmf-texlive/tex/generic/oberdiek/etexcmds.sty
Package: etexcmds 2007/12/12 v1.2 Prefix for e-TeX command names (HO)

(/usr/share/texmf-texlive/tex/generic/oberdiek/infwarerr.sty
Package: infwarerr 2007/09/09 v1.2 Providing info/warning/message (HO)
)
Package etexcmds Info: Could not find \expanded.
(etexcmds)             That can mean that you are not using pdfTeX 1.50 or
(etexcmds)             that some package has redefined \expanded.
(etexcmds)             In the latter case, load this package earlier.
)
(/usr/share/texmf-texlive/tex/latex/latexconfig/hyperref.cfg
File: hyperref.cfg 2002/06/06 v1.2 hyperref configuration of TeXLive
)
(/usr/share/texmf-texlive/tex/latex/oberdiek/kvoptions.sty
Package: kvoptions 2009/08/13 v3.4 Keyval support for LaTeX options (HO)

(/usr/share/texmf-texlive/tex/generic/oberdiek/kvsetkeys.sty
Package: kvsetkeys 2009/07/30 v1.5 Key value parser with default handler suppor
t (HO)
))
Package hyperref Info: Option `bookmarks' set `true' on input line 2864.
Package hyperref Info: Option `bookmarksnumbered' set `true' on input line 2864
.
Package hyperref Info: Hyper figures OFF on input line 2975.
Package hyperref Info: Link nesting OFF on input line 2980.
Package hyperref Info: Hyper index ON on input line 2983.
Package hyperref Info: Plain pages OFF on input line 2990.
Package hyperref Info: Backreferencing OFF on input line 2995.

Implicit mode ON; LaTeX internals redefined
Package hyperref Info: Bookmarks ON on input line 3191.
(/usr/share/texmf-texlive/tex/latex/ltxmisc/url.sty
\Urlmuskip=\muskip10
Package: url 2006/04/12  ver 3.3  Verb mode for urls, etc.
)
LaTeX Info: Redefining \url on input line 3428.

(/usr/share/texmf-texlive/tex/generic/oberdiek/bitset.sty
Package: bitset 2007/09/28 v1.0 Data type bit set (HO)

(/usr/share/texmf-texlive/tex/generic/oberdiek/intcalc.sty
Package: intcalc 2007/09/27 v1.1 Expandable integer calculations (HO)
)
(/usr/share/texmf-texlive/tex/generic/oberdiek/bigintcalc.sty
Package: bigintcalc 2007/11/11 v1.1 Expandable big integer calculations (HO)

(/usr/share/texmf-texlive/tex/generic/oberdiek/pdftexcmds.sty
Package: pdftexcmds 2009/09/23 v0.6 LuaTeX support for pdfTeX utility functions
 (HO)

(/usr/share/texmf-texlive/tex/generic/oberdiek/ifluatex.sty
Package: ifluatex 2009/04/17 v1.2 Provides the ifluatex switch (HO)
Package ifluatex Info: LuaTeX not detected.
)
(/usr/share/texmf-texlive/tex/generic/oberdiek/ltxcmds.sty
Package: ltxcmds 2009/08/05 v1.0 Some LaTeX kernel commands for general use (HO
)
)
Package pdftexcmds Info: LuaTeX not detected.
Package pdftexcmds Info: \pdf@primitive is available.
Package pdftexcmds Info: \pdf@ifprimitive is available.
)))
\Fld@menulength=\count90
\Field@Width=\dimen104
\Fld@charsize=\dimen105
\Field@toks=\toks15
Package hyperref Info: Hyper figures OFF on input line 4377.
Package hyperref Info: Link nesting OFF on input line 4382.
Package hyperref Info: Hyper index ON on input line 4385.
Package hyperref Info: backreferencing OFF on input line 4392.
Package hyperref Info: Link coloring OFF on input line 4397.
Package hyperref Info: Link coloring with OCG OFF on input line 4402.
Package hyperref Info: PDF/A mode OFF on input line 4407.

(/usr/share/texmf-texlive/tex/generic/oberdiek/atbegshi.sty
Package: atbegshi 2008/07/31 v1.9 At begin shipout hook (HO)
)
\Hy@abspage=\count91
\c@Item=\count92
\c@Hfootnote=\count93
)

Package hyperref Warning: Wrong driver `hdvipdfm.def';
(hyperref)                pdfTeX is running in PDF mode.
(hyperref)                Forcing driver `hpdftex.def'.

*hyperref using driver hpdftex*
(/usr/share/texmf-texlive/tex/latex/hyperref/hpdftex.def
File: hpdftex.def 2009/10/09 v6.79a Hyperref driver for pdfTeX
\Fld@listcount=\count94
)
(/usr/share/texmf-texlive/tex/latex/graphics/graphicx.sty
Package: graphicx 1999/02/16 v1.0f Enhanced LaTeX Graphics (DPC,SPQR)

(/usr/share/texmf-texlive/tex/latex/graphics/graphics.sty
Package: graphics 2009/02/05 v1.0o Standard LaTeX Graphics (DPC,SPQR)

(/usr/share/texmf-texlive/tex/latex/graphics/trig.sty
Package: trig 1999/03/16 v1.09 sin cos tan (DPC)
)
(/etc/texmf/tex/latex/config/graphics.cfg
File: graphics.cfg 2009/08/28 v1.8 graphics configuration of TeX Live
)
Package graphics Info: Driver file: dvips.def on input line 91.

(/usr/share/texmf-texlive/tex/latex/graphics/dvips.def
File: dvips.def 1999/02/16 v3.0i Driver-dependant file (DPC,SPQR)
))
\Gin@req@height=\dimen106
\Gin@req@width=\dimen107
)
(/usr/share/texmf-texlive/tex/latex/graphics/color.sty
Package: color 2005/11/14 v1.0j Standard LaTeX Color (DPC)

(/etc/texmf/tex/latex/config/color.cfg
File: color.cfg 2007/01/18 v1.5 color configuration of teTeX/TeXLive
)
Package color Info: Driver file: dvips.def on input line 130.

(/usr/share/texmf-texlive/tex/latex/graphics/dvipsnam.def
File: dvipsnam.def 1999/02/16 v3.0i Driver-dependant file (DPC,SPQR)
))
(/usr/share/texmf-texlive/tex/latex/tools/verbatim.sty
Package: verbatim 2003/08/22 v1.5q LaTeX2e package for verbatim enhancements
\every@verbatim=\toks16
\verbatim@line=\toks17
\verbatim@in@stream=\read1
)
(/usr/share/texmf-texlive/tex/latex/mdwtools/footnote.sty
Package: footnote 1997/01/28 1.13 Save footnotes around boxes
\fn@notes=\box26
\fn@width=\dimen108
)
(/usr/share/texmf-texlive/tex/latex/multirow/multirow.sty
\bigstrutjot=\dimen109
)
(/usr/share/texmf-texlive/tex/latex/listings/listings.sty
\lst@mode=\count95
\lst@gtempboxa=\box27
\lst@token=\toks18
\lst@length=\count96
\lst@currlwidth=\dimen110
\lst@column=\count97
\lst@pos=\count98
\lst@lostspace=\dimen111
\lst@width=\dimen112
\lst@newlines=\count99
\lst@lineno=\count100
\lst@maxwidth=\dimen113

(/usr/share/texmf-texlive/tex/latex/listings/lstmisc.sty
File: lstmisc.sty 2007/02/22 1.4 (Carsten Heinz)
\c@lstnumber=\count101
\lst@skipnumbers=\count102
\lst@framebox=\box28
)
(/usr/share/texmf-texlive/tex/latex/listings/listings.cfg
File: listings.cfg 2007/02/22 1.4 listings configuration
))
Package: listings 2007/02/22 1.4 (Carsten Heinz)

(/usr/share/texmf-texlive/tex/latex/cite/cite.sty
LaTeX Info: Redefining \cite on input line 285.
LaTeX Info: Redefining \nocite on input line 356.
Package: cite 2009/08/29  v 5.2
)
(/usr/share/texmf-texlive/tex/generic/babel/babel.sty
Package: babel 2008/07/06 v3.8l The Babel package

(/usr/share/texmf-texlive/tex/generic/babel/english.ldf
Language: english 2005/03/30 v3.3o English support from the babel system

(/usr/share/texmf-texlive/tex/generic/babel/babel.def
File: babel.def 2008/07/06 v3.8l Babel common definitions
\babel@savecnt=\count103
\U@D=\dimen114
)
\l@british = a dialect from \language\l@english 
\l@UKenglish = a dialect from \language\l@english 
\l@canadian = a dialect from \language\l@american 
\l@australian = a dialect from \language\l@british 
\l@newzealand = a dialect from \language\l@british 
))
(/usr/share/texmf-texlive/tex/latex/subfigure/subfigure.sty
Package: subfigure 2002/03/15 v2.1.5 subfigure package
\subfigtopskip=\skip43
\subfigcapskip=\skip44
\subfigcaptopadj=\dimen115
\subfigbottomskip=\skip45
\subfigcapmargin=\dimen116
\subfiglabelskip=\skip46
\c@subfigure=\count104
\c@lofdepth=\count105
\c@subtable=\count106
\c@lotdepth=\count107

****************************************
* Local config file subfigure.cfg used *
****************************************
(/usr/share/texmf-texlive/tex/latex/subfigure/subfigure.cfg)
\subfig@top=\skip47
\subfig@bottom=\skip48
)
(/usr/share/texmf-texlive/tex/latex/listings/lstlang1.sty
File: lstlang1.sty 2004/09/05 1.3 listings language file
)

LaTeX Warning: Unused global option(s):
    [a4j].

(./bachelor_thesis.aux)
\openout1 = `bachelor_thesis.aux'.

LaTeX Font Info:    Checking defaults for OML/cmm/m/it on input line 56.
LaTeX Font Info:    ... okay on input line 56.
LaTeX Font Info:    Checking defaults for T1/cmr/m/n on input line 56.
LaTeX Font Info:    ... okay on input line 56.
LaTeX Font Info:    Checking defaults for OT1/cmr/m/n on input line 56.
LaTeX Font Info:    ... okay on input line 56.
LaTeX Font Info:    Checking defaults for OMS/cmsy/m/n on input line 56.
LaTeX Font Info:    ... okay on input line 56.
LaTeX Font Info:    Checking defaults for OMX/cmex/m/n on input line 56.
LaTeX Font Info:    ... okay on input line 56.
LaTeX Font Info:    Checking defaults for U/cmr/m/n on input line 56.
LaTeX Font Info:    ... okay on input line 56.
LaTeX Font Info:    Checking defaults for PD1/pdf/m/n on input line 56.
LaTeX Font Info:    ... okay on input line 56.
Package hyperref Info: Link coloring OFF on input line 56.

(/usr/share/texmf-texlive/tex/latex/hyperref/nameref.sty
Package: nameref 2007/05/29 v2.31 Cross-referencing by name of section

(/usr/share/texmf-texlive/tex/latex/oberdiek/refcount.sty
Package: refcount 2008/08/11 v3.1 Data extraction from references (HO)
)
\c@section@level=\count108
)
LaTeX Info: Redefining \ref on input line 56.
LaTeX Info: Redefining \pageref on input line 56.

(./bachelor_thesis.out) (./bachelor_thesis.out)
\@outlinefile=\write3
\openout3 = `bachelor_thesis.out'.

\AtBeginShipoutBox=\box29
\c@lstlisting=\count109
LaTeX Font Info:    Try loading font information for OMS+cmr on input line 106.


(/usr/share/texmf-texlive/tex/latex/base/omscmr.fd
File: omscmr.fd 1999/05/25 v2.5h Standard LaTeX font definitions
)
LaTeX Font Info:    Font shape `OMS/cmr/m/n' in size <14.4> not available
(Font)              Font shape `OMS/cmsy/m/n' tried instead on input line 106.
 [1
Non-PDF special ignored!
Non-PDF special ignored!


Non-PDF special ignored!
Non-PDF special ignored!{/var/lib/texmf/fonts/map/pdftex/updmap/pdftex.map}
Non-PDF special ignored!
Non-PDF special ignored!] (./bachelor_thesis.toc
LaTeX Font Info:    External font `cmex10' loaded for size
(Font)              <12> on input line 3.
LaTeX Font Info:    External font `cmex10' loaded for size
(Font)              <8> on input line 3.
LaTeX Font Info:    External font `cmex10' loaded for size
(Font)              <6> on input line 3.
)
\tf@toc=\write4
\openout4 = `bachelor_thesis.toc'.

 [1
Non-PDF special ignored!
Non-PDF special ignored!


Non-PDF special ignored!
Non-PDF special ignored!
Non-PDF special ignored!
Non-PDF special ignored!
Non-PDF special ignored!
Non-PDF special ignored!
Non-PDF special ignored!
Non-PDF special ignored!
Non-PDF special ignored!
Non-PDF special ignored!
Non-PDF special ignored!
Non-PDF special ignored!
Non-PDF special ignored!
Non-PDF special ignored!
Non-PDF special ignored!
Non-PDF special ignored!] (./bachelor_thesis.lot)
\tf@lot=\write5
\openout5 = `bachelor_thesis.lot'.

 [2
Non-PDF special ignored!
Non-PDF special ignored!


Non-PDF special ignored!
Non-PDF special ignored!] (./bachelor_thesis.lof)
\tf@lof=\write6
\openout6 = `bachelor_thesis.lof'.

 [3
Non-PDF special ignored!
Non-PDF special ignored!


Non-PDF special ignored!
Non-PDF special ignored!] (./contents/intro.tex
Chapter 1.
pdfTeX warning (ext4): destination with the same identifier (name{page.1}) has 
been already used, duplicate ignored
<to be read again> 
                   \relax 
l.4 \clearpage
               [1
Non-PDF special ignored!
Non-PDF special ignored!


Non-PDF special ignored!
Non-PDF special ignored!]

LaTeX Warning: Citation `morioka:camera-projecter' on page 2 undefined on input
 line 8.


LaTeX Warning: Citation `nakauchi:recog' on page 2 undefined on input line 8.


LaTeX Warning: Citation `villalobos:image-calorie' on page 2 undefined on input
 line 8.


LaTeX Warning: Citation `ide:inexper' on page 2 undefined on input line 8.

[2
Non-PDF special ignored!
Non-PDF special ignored!


Non-PDF special ignored!
Non-PDF special ignored!]) (./contents/algorithm.tex [3
Non-PDF special ignored!
Non-PDF special ignored!
Non-PDF special ignored!
Non-PDF special ignored!]
Chapter 2.
[4
Non-PDF special ignored!
Non-PDF special ignored!


Non-PDF special ignored!
Non-PDF special ignored!] [5
Non-PDF special ignored!
Non-PDF special ignored!
Non-PDF special ignored!
Non-PDF special ignored!
Non-PDF special ignored!
Non-PDF special ignored!
Non-PDF special ignored!
Non-PDF special ignored!] [6
Non-PDF special ignored!
Non-PDF special ignored!
Non-PDF special ignored!
Non-PDF special ignored!
Non-PDF special ignored!
Non-PDF special ignored!
Non-PDF special ignored!
Non-PDF special ignored!]) (./contents/implementation.tex [7
Non-PDF special ignored!
Non-PDF special ignored!
Non-PDF special ignored!
Non-PDF special ignored!
Non-PDF special ignored!
Non-PDF special ignored!]
Chapter 3.

Package hyperref Warning: Difference (2) between bookmark levels is greater 
(hyperref)                than one, level fixed on input line 4.


LaTeX Warning: Citation `web:recipe' on page 8 undefined on input line 6.


! LaTeX Error: Environment CJK undefined.

See the LaTeX manual or LaTeX Companion for explanation.
Type  H <return>  for immediate help.
 ...                                              
                                                  
l.12 \begin{CJK}
                {UTF8}{min}
Your command was ignored.
Type  I <command> <return>  to replace it with another command,
or  <return>  to continue without it.

[8
Non-PDF special ignored!
Non-PDF special ignored!


Non-PDF special ignored!
Non-PDF special ignored!]

LaTeX Warning: Reference `tab:IF' on page 9 undefined on input line 14.

Missing character: There is no „ in font cmr12!
Missing character: There is no Å in font cmr12!
Missing character: There is no ó in font cmr12!
Missing character: There is no „ in font cmr12!
Missing character: There is no Ç in font cmr12!
Missing character: There is no á in font cmr12!
Missing character: There is no „ in font cmr12!
Missing character: There is no Å in font cmr12!
Missing character: There is no Ü in font cmr12!
Missing character: There is no „ in font cmr12!
Missing character: There is no Ç in font cmr12!
Missing character: There is no Ü in font cmr12!
Missing character: There is no È in font cmr12!
Missing character: There is no Ö in font cmr12!
Missing character: There is no í in font cmr12!
Missing character: There is no Â in font cmr12!
Missing character: There is no ° in font cmr12!
Missing character: There is no © in font cmr12!
Missing character: There is no ‰ in font cmr12!
Missing character: There is no ∏ in font cmr12!
Missing character: There is no á in font cmr12!
Missing character: There is no Ë in font cmr12!
Missing character: There is no É in font cmr12!
Missing character: There is no Ω in font cmr12!
Missing character: There is no „ in font cmr12!
Missing character: There is no Å in font cmr12!
Missing character: There is no ≠ in font cmr12!
Missing character: There is no „ in font cmr12!
Missing character: There is no Å in font cmr12!
Missing character: There is no é in font cmr12!
Missing character: There is no Á in font cmr12!
Missing character: There is no † in font cmr12!
Missing character: There is no Ç in font cmr12!
Missing character: There is no Á in font cmr12!
Missing character: There is no ≥ in font cmr12!
Missing character: There is no ñ in font cmr12!
Missing character: There is no È in font cmr12!
Missing character: There is no Ü in font cmr12!
Missing character: There is no § in font cmr12!
Missing character: There is no Ê in font cmr12!
Missing character: There is no ≤ in font cmr12!
Missing character: There is no π in font cmr12!
Missing character: There is no È in font cmr12!
Missing character: There is no Ü in font cmr12!
Missing character: There is no § in font cmr12!
Missing character: There is no Ê in font cmr12!
Missing character: There is no ≤ in font cmr12!
Missing character: There is no π in font cmr12!
Missing character: There is no „ in font cmr12!
Missing character: There is no Å in font cmr12!
Missing character: There is no ø in font cmr12!
Missing character: There is no „ in font cmr12!
Missing character: There is no Å in font cmr12!
Missing character: There is no ù in font cmr12!
Missing character: There is no Â in font cmr12!
Missing character: There is no ° in font cmr12!
Missing character: There is no © in font cmr12!
Missing character: There is no Á in font cmr12!
Missing character: There is no † in font cmr12!
Missing character: There is no Ç in font cmr12!
Missing character: There is no Á in font cmr12!
Missing character: There is no ≥ in font cmr12!
Missing character: There is no ñ in font cmr12!
Missing character: There is no Á in font cmr12!
Missing character: There is no ± in font cmr12!
Missing character: There is no ≥ in font cmr12!
Missing character: There is no È in font cmr12!
Missing character: There is no Ö in font cmr12!
Missing character: There is no í in font cmr12!
Missing character: There is no È in font cmr12!
Missing character: There is no Ö in font cmr12!
Missing character: There is no í in font cmr12!
Missing character: There is no Â in font cmr12!
Missing character: There is no ° in font cmr12!
Missing character: There is no © in font cmr12!
Missing character: There is no ‰ in font cmr12!
Missing character: There is no ∏ in font cmr12!
Missing character: There is no á in font cmr12!
Missing character: There is no Ë in font cmr12!
Missing character: There is no É in font cmr12!
Missing character: There is no Ω in font cmr12!
Missing character: There is no „ in font cmr12!
Missing character: There is no Å in font cmr12!
Missing character: There is no ≠ in font cmr12!
Missing character: There is no „ in font cmr12!
Missing character: There is no Å in font cmr12!
Missing character: There is no é in font cmr12!
Missing character: There is no „ in font cmr12!
Missing character: There is no Å in font cmr12!
Missing character: There is no ã in font cmr12!
Missing character: There is no „ in font cmr12!
Missing character: There is no Å in font cmr12!
Missing character: There is no § in font cmr12!
Missing character: There is no „ in font cmr12!
Missing character: There is no Å in font cmr12!
Missing character: There is no ä in font cmr12!
Missing character: There is no Á in font cmr12!
Missing character: There is no Ø in font cmr12!
Missing character: There is no Ä in font cmr12!
Missing character: There is no „ in font cmr12!
Missing character: There is no É in font cmr12!
Missing character: There is no Ä in font cmr12!
Missing character: There is no „ in font cmr12!
Missing character: There is no Ç in font cmr12!
Missing character: There is no ∑ in font cmr12!
Missing character: There is no Ê in font cmr12!
Missing character: There is no ò in font cmr12!
Missing character: There is no Ü in font cmr12!
Missing character: There is no Â in font cmr12!
Missing character: There is no ∏ in font cmr12!
Missing character: There is no É in font cmr12!
Missing character: There is no „ in font cmr12!
Missing character: There is no Å in font cmr12!
Missing character: There is no ã in font cmr12!
Missing character: There is no „ in font cmr12!
Missing character: There is no Å in font cmr12!
Missing character: There is no º in font cmr12!
Missing character: There is no „ in font cmr12!
Missing character: There is no Å in font cmr12!
Missing character: There is no ° in font cmr12!
Missing character: There is no „ in font cmr12!
Missing character: There is no Ç in font cmr12!
Missing character: There is no É in font cmr12!
Missing character: There is no Ê in font cmr12!
Missing character: There is no ≤ in font cmr12!
Missing character: There is no π in font cmr12!
Missing character: There is no Ê in font cmr12!
Missing character: There is no è in font cmr12!
Missing character: There is no ö in font cmr12!
Missing character: There is no „ in font cmr12!
Missing character: There is no Å in font cmr12!
Missing character: There is no í in font cmr12!
Missing character: There is no È in font cmr12!
Missing character: There is no á in font cmr12!
Missing character: There is no ú in font cmr12!
Missing character: There is no Ê in font cmr12!
Missing character: There is no è in font cmr12!
Missing character: There is no ö in font cmr12!
Missing character: There is no „ in font cmr12!
Missing character: There is no Å in font cmr12!
Missing character: There is no í in font cmr12!
Missing character: There is no „ in font cmr12!
Missing character: There is no Å in font cmr12!
Missing character: There is no ó in font cmr12!
Missing character: There is no „ in font cmr12!
Missing character: There is no Ç in font cmr12!
Missing character: There is no â in font cmr12!
Missing character: There is no „ in font cmr12!
Missing character: There is no Å in font cmr12!
Missing character: There is no ô in font cmr12!
Missing character: There is no È in font cmr12!
Missing character: There is no ∞ in font cmr12!
Missing character: There is no π in font cmr12!
Missing character: There is no „ in font cmr12!
Missing character: There is no Å in font cmr12!
Missing character: There is no Æ in font cmr12!
Missing character: There is no Ê in font cmr12!
Missing character: There is no ï in font cmr12!
Missing character: There is no ≤ in font cmr12!
Missing character: There is no „ in font cmr12!
Missing character: There is no Å in font cmr12!
Missing character: There is no ç in font cmr12!

! LaTeX Error: \begin{document} ended by \end{CJK}.

See the LaTeX manual or LaTeX Companion for explanation.
Type  H <return>  for immediate help.
 ...                                              
                                                  
l.45 \end{CJK}
              
Your command was ignored.
Type  I <command> <return>  to replace it with another command,
or  <return>  to continue without it.


! LaTeX Error: Environment CJK undefined.

See the LaTeX manual or LaTeX Companion for explanation.
Type  H <return>  for immediate help.
 ...                                              
                                                  
l.50 \begin{CJK}
                {UTF8}{min}
Your command was ignored.
Type  I <command> <return>  to replace it with another command,
or  <return>  to continue without it.

Missing character: There is no Â in font cmr12!
Missing character: There is no § in font cmr12!
Missing character: There is no ß in font cmr12!
Missing character: There is no Ê in font cmr12!
Missing character: There is no † in font cmr12!
Missing character: There is no π in font cmr12!
Missing character: There is no Â in font cmr12!
Missing character: There is no à in font cmr12!
Missing character: There is no ª in font cmr12!
Missing character: There is no „ in font cmr12!
Missing character: There is no Å in font cmr12!
Missing character: There is no ø in font cmr12!
Missing character: There is no „ in font cmr12!
Missing character: There is no Å in font cmr12!
Missing character: There is no Æ in font cmr12!
Missing character: There is no „ in font cmr12!
Missing character: There is no Ç in font cmr12!
Missing character: There is no ä in font cmr12!
Missing character: There is no Â in font cmr12!
Missing character: There is no § in font cmr12!
Missing character: There is no © in font cmr12!
Missing character: There is no „ in font cmr12!
Missing character: There is no Å in font cmr12!
Missing character: There is no ∑ in font cmr12!
Missing character: There is no „ in font cmr12!
Missing character: There is no Ç in font cmr12!
Missing character: There is no â in font cmr12!
Missing character: There is no Á in font cmr12!
Missing character: There is no ≤ in font cmr12!
Missing character: There is no â in font cmr12!
Missing character: There is no „ in font cmr12!
Missing character: There is no Å in font cmr12!
Missing character: There is no ´ in font cmr12!
Missing character: There is no „ in font cmr12!
Missing character: There is no Ç in font cmr12!
Missing character: There is no ì in font cmr12!
Missing character: There is no „ in font cmr12!
Missing character: There is no Å in font cmr12!
Missing character: There is no ò in font cmr12!
Missing character: There is no „ in font cmr12!
Missing character: There is no Ç in font cmr12!
Missing character: There is no ì in font cmr12!
Missing character: There is no Â in font cmr12!
Missing character: There is no à in font cmr12!
Missing character: There is no ª in font cmr12!
Missing character: There is no „ in font cmr12!
Missing character: There is no Å in font cmr12!
Missing character: There is no ø in font cmr12!
Missing character: There is no „ in font cmr12!
Missing character: There is no Å in font cmr12!
Missing character: There is no Æ in font cmr12!
Missing character: There is no „ in font cmr12!
Missing character: There is no Ç in font cmr12!
Missing character: There is no ä in font cmr12!
Missing character: There is no Â in font cmr12!
Missing character: There is no § in font cmr12!
Missing character: There is no © in font cmr12!
Missing character: There is no „ in font cmr12!
Missing character: There is no Å in font cmr12!
Missing character: There is no ∑ in font cmr12!
Missing character: There is no „ in font cmr12!
Missing character: There is no Ç in font cmr12!
Missing character: There is no â in font cmr12!
Missing character: There is no Á in font cmr12!
Missing character: There is no ≤ in font cmr12!
Missing character: There is no â in font cmr12!
Missing character: There is no È in font cmr12!
Missing character: There is no á in font cmr12!
Missing character: There is no å in font cmr12!
Missing character: There is no Ë in font cmr12!
Missing character: There is no ä in font cmr12!
Missing character: There is no ã in font cmr12!
Missing character: There is no „ in font cmr12!
Missing character: There is no Å in font cmr12!
Missing character: There is no ï in font cmr12!
Missing character: There is no „ in font cmr12!
Missing character: There is no Å in font cmr12!
Missing character: There is no § in font cmr12!
Missing character: There is no „ in font cmr12!
Missing character: There is no Å in font cmr12!
Missing character: There is no æ in font cmr12!
Missing character: There is no „ in font cmr12!
Missing character: There is no Å in font cmr12!
Missing character: There is no Ñ in font cmr12!
Missing character: There is no „ in font cmr12!
Missing character: There is no Ç in font cmr12!
Missing character: There is no Ç in font cmr12!
Missing character: There is no Ë in font cmr12!
Missing character: There is no ñ in font cmr12!
Missing character: There is no Ñ in font cmr12!
Missing character: There is no Â in font cmr12!
Missing character: There is no ä in font cmr12!
Missing character: There is no õ in font cmr12!
Missing character: There is no Á in font cmr12!
Missing character: There is no ≤ in font cmr12!
Missing character: There is no â in font cmr12!
Missing character: There is no È in font cmr12!
Missing character: There is no ∂ in font cmr12!
Missing character: There is no è in font cmr12!
Missing character: There is no „ in font cmr12!
Missing character: There is no Ç in font cmr12!
Missing character: There is no Ç in font cmr12!
Missing character: There is no „ in font cmr12!
Missing character: There is no Ç in font cmr12!
Missing character: There is no Ç in font cmr12!
Missing character: There is no Ë in font cmr12!
Missing character: There is no Ç in font cmr12!
Missing character: There is no â in font cmr12!
Missing character: There is no Ë in font cmr12!
Missing character: There is no è in font cmr12!
Missing character: There is no ú in font cmr12!
Missing character: There is no „ in font cmr12!
Missing character: There is no Å in font cmr12!
Missing character: There is no Æ in font cmr12!
Missing character: There is no Ë in font cmr12!
Missing character: There is no ä in font cmr12!
Missing character: There is no ± in font cmr12!
Missing character: There is no „ in font cmr12!
Missing character: There is no Å in font cmr12!
Missing character: There is no ô in font cmr12!
Missing character: There is no „ in font cmr12!
Missing character: There is no Å in font cmr12!
Missing character: There is no ó in font cmr12!
Missing character: There is no È in font cmr12!
Missing character: There is no Ö in font cmr12!
Missing character: There is no ¢ in font cmr12!

LaTeX Warning: Reference `tab:IA' on page 9 undefined on input line 81.

Missing character: There is no „ in font cmr12!
Missing character: There is no Å in font cmr12!
Missing character: There is no ì in font cmr12!
Missing character: There is no „ in font cmr12!
Missing character: There is no Å in font cmr12!
Missing character: There is no ó in font cmr12!
Missing character: There is no „ in font cmr12!
Missing character: There is no Ç in font cmr12!
Missing character: There is no á in font cmr12!
Missing character: There is no „ in font cmr12!
Missing character: There is no Å in font cmr12!
Missing character: There is no Ü in font cmr12!

LaTeX Warning: Reference `tab:IAoutlier' on page 9 undefined on input line 81.

[9
Non-PDF special ignored!
Non-PDF special ignored!
Non-PDF special ignored!
Non-PDF special ignored!
Non-PDF special ignored!
Non-PDF special ignored!
Non-PDF special ignored!
Non-PDF special ignored!]

! LaTeX Error: Environment CJK undefined.

See the LaTeX manual or LaTeX Companion for explanation.
Type  H <return>  for immediate help.
 ...                                              
                                                  
l.87 \begin{CJK}
                {UTF8}{min}
Your command was ignored.
Type  I <command> <return>  to replace it with another command,
or  <return>  to continue without it.


LaTeX Warning: Reference `tab:IU' on page 10 undefined on input line 89.

Missing character: There is no Â in font cmr12!
Missing character: There is no ° in font cmr12!
Missing character: There is no © in font cmr12!
Missing character: There is no „ in font cmr12!
Missing character: There is no Å in font cmr12!
Missing character: There is no ø in font cmr12!
Missing character: There is no „ in font cmr12!
Missing character: There is no Ç in font cmr12!
Missing character: There is no ä in font cmr12!
Missing character: There is no „ in font cmr12!
Missing character: There is no Ç in font cmr12!
Missing character: There is no ì in font cmr12!
Missing character: There is no „ in font cmr12!
Missing character: There is no Å in font cmr12!
Missing character: There is no ó in font cmr12!
Missing character: There is no „ in font cmr12!
Missing character: There is no Ç in font cmr12!
Missing character: There is no á in font cmr12!
Missing character: There is no „ in font cmr12!
Missing character: There is no Å in font cmr12!
Missing character: There is no Ü in font cmr12!
Missing character: There is no „ in font cmr12!
Missing character: There is no Å in font cmr12!
Missing character: There is no å in font cmr12!
Missing character: There is no „ in font cmr12!
Missing character: There is no Å in font cmr12!
Missing character: There is no ó in font cmr12!
Missing character: There is no „ in font cmr12!
Missing character: There is no Ç in font cmr12!
Missing character: There is no á in font cmr12!
Missing character: There is no „ in font cmr12!
Missing character: There is no Å in font cmr12!
Missing character: There is no Ü in font cmr12!
Missing character: There is no „ in font cmr12!
Missing character: There is no Ç in font cmr12!
Missing character: There is no Ü in font cmr12!
Missing character: There is no Ë in font cmr12!
Missing character: There is no ê in font cmr12!
Missing character: There is no Ω in font cmr12!
Missing character: There is no Ë in font cmr12!
Missing character: There is no ä in font cmr12!
Missing character: There is no ± in font cmr12!
Missing character: There is no Á in font cmr12!
Missing character: There is no î in font cmr12!
Missing character: There is no ü in font cmr12!
Missing character: There is no „ in font cmr12!
Missing character: There is no Å in font cmr12!
Missing character: There is no Ç in font cmr12!
Missing character: There is no „ in font cmr12!
Missing character: There is no Å in font cmr12!
Missing character: There is no ï in font cmr12!
Missing character: There is no „ in font cmr12!
Missing character: There is no Å in font cmr12!
Missing character: There is no § in font cmr12!
Missing character: There is no „ in font cmr12!
Missing character: There is no Å in font cmr12!
Missing character: There is no ç in font cmr12!
Missing character: There is no Ë in font cmr12!
Missing character: There is no ± in font cmr12!
Missing character: There is no ö in font cmr12!
Missing character: There is no „ in font cmr12!
Missing character: There is no É in font cmr12!
Missing character: There is no ≠ in font cmr12!
Missing character: There is no „ in font cmr12!
Missing character: There is no É in font cmr12!
Missing character: There is no º in font cmr12!
Missing character: There is no „ in font cmr12!
Missing character: There is no Ç in font cmr12!
Missing character: There is no π in font cmr12!
Missing character: There is no Ë in font cmr12!
Missing character: There is no Ç in font cmr12!
Missing character: There is no â in font cmr12!
Missing character: There is no „ in font cmr12!
Missing character: There is no Å in font cmr12!
Missing character: There is no ì in font cmr12!
Missing character: There is no „ in font cmr12!
Missing character: There is no Å in font cmr12!
Missing character: There is no ó in font cmr12!
Missing character: There is no „ in font cmr12!
Missing character: There is no Ç in font cmr12!
Missing character: There is no á in font cmr12!
Missing character: There is no „ in font cmr12!
Missing character: There is no Å in font cmr12!
Missing character: There is no Ü in font cmr12!
Missing character: There is no Â in font cmr12!
Missing character: There is no à in font cmr12!
Missing character: There is no ª in font cmr12!
Missing character: There is no „ in font cmr12!
Missing character: There is no Å in font cmr12!
Missing character: There is no ø in font cmr12!
Missing character: There is no „ in font cmr12!
Missing character: There is no Å in font cmr12!
Missing character: There is no Æ in font cmr12!
Missing character: There is no „ in font cmr12!
Missing character: There is no Ç in font cmr12!
Missing character: There is no ä in font cmr12!
Missing character: There is no „ in font cmr12!
Missing character: There is no Å in font cmr12!
Missing character: There is no ø in font cmr12!
Missing character: There is no „ in font cmr12!
Missing character: There is no Ç in font cmr12!
Missing character: There is no ä in font cmr12!
Missing character: There is no „ in font cmr12!
Missing character: There is no Ç in font cmr12!
Missing character: There is no ì in font cmr12!
Missing character: There is no È in font cmr12!
Missing character: There is no ï in font cmr12!
Missing character: There is no ∑ in font cmr12!
Missing character: There is no „ in font cmr12!
Missing character: There is no Å in font cmr12!
Missing character: There is no ≠ in font cmr12!
Missing character: There is no „ in font cmr12!
Missing character: There is no Å in font cmr12!
Missing character: There is no é in font cmr12!
Missing character: There is no È in font cmr12!
Missing character: There is no Ü in font cmr12!
Missing character: There is no § in font cmr12!
Missing character: There is no Ê in font cmr12!
Missing character: There is no ≤ in font cmr12!
Missing character: There is no π in font cmr12!
Missing character: There is no Á in font cmr12!
Missing character: There is no é in font cmr12!
Missing character: There is no â in font cmr12!
Missing character: There is no „ in font cmr12!
Missing character: There is no Å in font cmr12!
Missing character: There is no ≠ in font cmr12!
Missing character: There is no „ in font cmr12!
Missing character: There is no Å in font cmr12!
Missing character: There is no é in font cmr12!
Missing character: There is no È in font cmr12!
Missing character: There is no ï in font cmr12!
Missing character: There is no ∑ in font cmr12!
Missing character: There is no „ in font cmr12!
Missing character: There is no Å in font cmr12!
Missing character: There is no ≠ in font cmr12!
Missing character: There is no „ in font cmr12!
Missing character: There is no Å in font cmr12!
Missing character: There is no é in font cmr12!
Missing character: There is no È in font cmr12!
Missing character: There is no á in font cmr12!
Missing character: There is no å in font cmr12!
Missing character: There is no Ë in font cmr12!
Missing character: There is no ä in font cmr12!
Missing character: There is no ã in font cmr12!
Missing character: There is no Á in font cmr12!
Missing character: There is no â in font cmr12!
Missing character: There is no õ in font cmr12!
Missing character: There is no ‰ in font cmr12!
Missing character: There is no π in font cmr12!
Missing character: There is no ≥ in font cmr12!
Missing character: There is no Ë in font cmr12!
Missing character: There is no ñ in font cmr12!
Missing character: There is no Ñ in font cmr12!
Missing character: There is no Â in font cmr12!
Missing character: There is no ä in font cmr12!
Missing character: There is no õ in font cmr12!
Missing character: There is no Á in font cmr12!
Missing character: There is no ≤ in font cmr12!
Missing character: There is no â in font cmr12!
Missing character: There is no È in font cmr12!
Missing character: There is no ∂ in font cmr12!
Missing character: There is no è in font cmr12!
Missing character: There is no „ in font cmr12!
Missing character: There is no Å in font cmr12!
Missing character: There is no ≤ in font cmr12!
Missing character: There is no „ in font cmr12!
Missing character: There is no Å in font cmr12!
Missing character: There is no ç in font cmr12!
Missing character: There is no Ë in font cmr12!
Missing character: There is no Ç in font cmr12!
Missing character: There is no â in font cmr12!
Missing character: There is no „ in font cmr12!
Missing character: There is no Å in font cmr12!
Missing character: There is no ì in font cmr12!
Missing character: There is no „ in font cmr12!
Missing character: There is no Å in font cmr12!
Missing character: There is no ó in font cmr12!
Missing character: There is no „ in font cmr12!
Missing character: There is no Ç in font cmr12!
Missing character: There is no á in font cmr12!
Missing character: There is no „ in font cmr12!
Missing character: There is no Å in font cmr12!
Missing character: There is no Ü in font cmr12!
Missing character: There is no „ in font cmr12!
Missing character: There is no Å in font cmr12!
Missing character: There is no † in font cmr12!
Missing character: There is no „ in font cmr12!
Missing character: There is no Å in font cmr12!
Missing character: There is no ó in font cmr12!
Missing character: There is no Ê in font cmr12!
Missing character: There is no ± in font cmr12!
Missing character: There is no Å in font cmr12!

! LaTeX Error: \begin{document} ended by \end{CJK}.

See the LaTeX manual or LaTeX Companion for explanation.
Type  H <return>  for immediate help.
 ...                                              
                                                  
l.119 \end{CJK}
               
Your command was ignored.
Type  I <command> <return>  to replace it with another command,
or  <return>  to continue without it.

Missing character: There is no Ë in font cmr12!
Missing character: There is no ê in font cmr12!
Missing character: There is no Ω in font cmr12!
Missing character: There is no Ë in font cmr12!
Missing character: There is no ä in font cmr12!
Missing character: There is no ± in font cmr12!
Missing character: There is no Á in font cmr12!
Missing character: There is no î in font cmr12!
Missing character: There is no ü in font cmr12!
Missing character: There is no „ in font cmr12!
Missing character: There is no Å in font cmr12!
Missing character: There is no Ç in font cmr12!
Missing character: There is no „ in font cmr12!
Missing character: There is no Å in font cmr12!
Missing character: There is no ï in font cmr12!
Missing character: There is no „ in font cmr12!
Missing character: There is no Å in font cmr12!
Missing character: There is no § in font cmr12!
Missing character: There is no „ in font cmr12!
Missing character: There is no Å in font cmr12!
Missing character: There is no ç in font cmr12!
Missing character: There is no Â in font cmr12!
Missing character: There is no ° in font cmr12!
Missing character: There is no © in font cmr12!
Missing character: There is no „ in font cmr12!
Missing character: There is no Å in font cmr12!
Missing character: There is no ø in font cmr12!
Missing character: There is no „ in font cmr12!
Missing character: There is no Ç in font cmr12!
Missing character: There is no ä in font cmr12!
Missing character: There is no „ in font cmr12!
Missing character: There is no Ç in font cmr12!
Missing character: There is no ì in font cmr12!
Missing character: There is no „ in font cmr12!
Missing character: There is no Å in font cmr12!
Missing character: There is no ó in font cmr12!
Missing character: There is no „ in font cmr12!
Missing character: There is no Ç in font cmr12!
Missing character: There is no á in font cmr12!
Missing character: There is no „ in font cmr12!
Missing character: There is no Å in font cmr12!
Missing character: There is no Ü in font cmr12!
Missing character: There is no „ in font cmr12!
Missing character: There is no Å in font cmr12!
Missing character: There is no å in font cmr12!
Missing character: There is no „ in font cmr12!
Missing character: There is no Å in font cmr12!
Missing character: There is no ó in font cmr12!
Missing character: There is no „ in font cmr12!
Missing character: There is no Ç in font cmr12!
Missing character: There is no á in font cmr12!
Missing character: There is no „ in font cmr12!
Missing character: There is no Å in font cmr12!
Missing character: There is no Ü in font cmr12!
Missing character: There is no „ in font cmr12!
Missing character: There is no Ç in font cmr12!
Missing character: There is no Ü in font cmr12!

! LaTeX Error: \begin{document} ended by \end{CJK}.

See the LaTeX manual or LaTeX Companion for explanation.
Type  H <return>  for immediate help.
 ...                                              
                                                  
l.140 \end{CJK}
               
Your command was ignored.
Type  I <command> <return>  to replace it with another command,
or  <return>  to continue without it.


! LaTeX Error: Environment CJK undefined.

See the LaTeX manual or LaTeX Companion for explanation.
Type  H <return>  for immediate help.
 ...                                              
                                                  
l.145 \begin{CJK}
                 {UTF8}{min}
Your command was ignored.
Type  I <command> <return>  to replace it with another command,
or  <return>  to continue without it.


LaTeX Warning: Reference `tab:FI' on page 10 undefined on input line 147.

Missing character: There is no Á in font cmr12!
Missing character: There is no ¥ in font cmr12!
Missing character: There is no ç in font cmr12!
Missing character: There is no Ë in font cmr12!
Missing character: There is no ± in font cmr12!
Missing character: There is no Ü in font cmr12!
Missing character: There is no Á in font cmr12!
Missing character: There is no ¥ in font cmr12!
Missing character: There is no ç in font cmr12!
Missing character: There is no Ë in font cmr12!
Missing character: There is no ± in font cmr12!
Missing character: There is no Ü in font cmr12!
Missing character: There is no „ in font cmr12!
Missing character: There is no É in font cmr12!
Missing character: There is no ù in font cmr12!
Missing character: There is no „ in font cmr12!
Missing character: There is no É in font cmr12!
Missing character: There is no ≥ in font cmr12!
Missing character: There is no È in font cmr12!
Missing character: There is no Ö in font cmr12!
Missing character: There is no ¢ in font cmr12!
[10
Non-PDF special ignored!
Non-PDF special ignored!
Non-PDF special ignored!
Non-PDF special ignored!
Non-PDF special ignored!
Non-PDF special ignored!
Non-PDF special ignored!
Non-PDF special ignored!] [11
Non-PDF special ignored!
Non-PDF special ignored!
Non-PDF special ignored!
Non-PDF special ignored!
Non-PDF special ignored!
Non-PDF special ignored!
Non-PDF special ignored!
Non-PDF special ignored!
Non-PDF special ignored!
Non-PDF special ignored!
Non-PDF special ignored!
Non-PDF special ignored!]
Missing character: There is no Á in font cmr12!
Missing character: There is no ¥ in font cmr12!
Missing character: There is no ç in font cmr12!
Missing character: There is no Ë in font cmr12!
Missing character: There is no ± in font cmr12!
Missing character: There is no Ü in font cmr12!
Missing character: There is no Ê in font cmr12!
Missing character: There is no ò in font cmr12!
Missing character: There is no Ü in font cmr12!
Missing character: There is no Â in font cmr12!
Missing character: There is no ∏ in font cmr12!
Missing character: There is no É in font cmr12!
Missing character: There is no Â in font cmr12!
Missing character: There is no à in font cmr12!
Missing character: There is no á in font cmr12!
Missing character: There is no Â in font cmr12!
Missing character: There is no π in font cmr12!
Missing character: There is no ≤ in font cmr12!
Missing character: There is no Â in font cmr12!
Missing character: There is no § in font cmr12!
Missing character: There is no ß in font cmr12!
Missing character: There is no Ê in font cmr12!
Missing character: There is no † in font cmr12!
Missing character: There is no π in font cmr12!
Missing character: There is no È in font cmr12!
Missing character: There is no Ø in font cmr12!
Missing character: There is no õ in font cmr12!
Missing character: There is no „ in font cmr12!
Missing character: There is no Å in font cmr12!
Missing character: There is no Æ in font cmr12!
Missing character: There is no Â in font cmr12!
Missing character: There is no à in font cmr12!
Missing character: There is no á in font cmr12!
Missing character: There is no „ in font cmr12!
Missing character: There is no Ç in font cmr12!
Missing character: There is no ä in font cmr12!
Missing character: There is no Ë in font cmr12!
Missing character: There is no ∫ in font cmr12!
Missing character: There is no ´ in font cmr12!
Missing character: There is no „ in font cmr12!
Missing character: There is no Å in font cmr12!
Missing character: There is no ï in font cmr12!
Missing character: There is no „ in font cmr12!
Missing character: There is no Ç in font cmr12!
Missing character: There is no ì in font cmr12!
Missing character: There is no „ in font cmr12!
Missing character: There is no Å in font cmr12!
Missing character: There is no æ in font cmr12!
Missing character: There is no „ in font cmr12!
Missing character: There is no É in font cmr12!
Missing character: There is no ù in font cmr12!
Missing character: There is no „ in font cmr12!
Missing character: There is no É in font cmr12!
Missing character: There is no ≥ in font cmr12!
Missing character: There is no È in font cmr12!
Missing character: There is no Ö in font cmr12!
Missing character: There is no ¢ in font cmr12!
Missing character: There is no È in font cmr12!
Missing character: There is no Ö in font cmr12!
Missing character: There is no ¢ in font cmr12!
Missing character: There is no „ in font cmr12!
Missing character: There is no Å in font cmr12!
Missing character: There is no ø in font cmr12!
Missing character: There is no „ in font cmr12!
Missing character: There is no Ç in font cmr12!
Missing character: There is no ä in font cmr12!
Missing character: There is no „ in font cmr12!
Missing character: There is no Ç in font cmr12!
Missing character: There is no ì in font cmr12!
Missing character: There is no Â in font cmr12!
Missing character: There is no à in font cmr12!
Missing character: There is no ª in font cmr12!
Missing character: There is no „ in font cmr12!
Missing character: There is no Å in font cmr12!
Missing character: There is no ø in font cmr12!
Missing character: There is no „ in font cmr12!
Missing character: There is no Å in font cmr12!
Missing character: There is no Æ in font cmr12!
Missing character: There is no „ in font cmr12!
Missing character: There is no Ç in font cmr12!
Missing character: There is no ä in font cmr12!
Missing character: There is no Â in font cmr12!
Missing character: There is no ç in font cmr12!
Missing character: There is no µ in font cmr12!
Missing character: There is no È in font cmr12!
Missing character: There is no Ö in font cmr12!
Missing character: There is no í in font cmr12!
Missing character: There is no È in font cmr12!
Missing character: There is no Ö in font cmr12!
Missing character: There is no í in font cmr12!
Missing character: There is no „ in font cmr12!
Missing character: There is no Å in font cmr12!
Missing character: There is no ó in font cmr12!
Missing character: There is no „ in font cmr12!
Missing character: There is no Ç in font cmr12!
Missing character: There is no á in font cmr12!
Missing character: There is no „ in font cmr12!
Missing character: There is no Å in font cmr12!
Missing character: There is no Ü in font cmr12!
Missing character: There is no „ in font cmr12!
Missing character: There is no Å in font cmr12!
Missing character: There is no å in font cmr12!
Missing character: There is no Á in font cmr12!
Missing character: There is no ± in font cmr12!
Missing character: There is no ≥ in font cmr12!


! LaTeX Error: \begin{document} ended by \end{CJK}.

See the LaTeX manual or LaTeX Companion for explanation.
Type  H <return>  for immediate help.
 ...                                              
                                                  
l.175 \end{CJK}
               
Your command was ignored.
Type  I <command> <return>  to replace it with another command,
or  <return>  to continue without it.

) (./contents/ack.tex [12
Non-PDF special ignored!
Non-PDF special ignored!
Non-PDF special ignored!
Non-PDF special ignored!
Non-PDF special ignored!
Non-PDF special ignored!
Non-PDF special ignored!
Non-PDF special ignored!] [13
Non-PDF special ignored!
Non-PDF special ignored!


Non-PDF special ignored!
Non-PDF special ignored!]) (./contents/pub.tex [14
Non-PDF special ignored!
Non-PDF special ignored!
Non-PDF special ignored!
Non-PDF special ignored!
Non-PDF special ignored!
Non-PDF special ignored!])
No file bachelor_thesis.bbl.
[15
Non-PDF special ignored!
Non-PDF special ignored!


Non-PDF special ignored!
Non-PDF special ignored!] [16
Non-PDF special ignored!
Non-PDF special ignored!
Non-PDF special ignored!
Non-PDF special ignored!] (./bachelor_thesis.aux)

LaTeX Warning: There were undefined references.


LaTeX Warning: Label(s) may have changed. Rerun to get cross-references right.

 ) 
Here is how much of TeX's memory you used:
 5909 strings out of 495061
 86053 string characters out of 1182622
 194495 words of memory out of 3000000
 8936 multiletter control sequences out of 15000+50000
 9403 words of font info for 33 fonts, out of 3000000 for 9000
 28 hyphenation exceptions out of 8191
 38i,9n,40p,1258b,366s stack positions out of 5000i,500n,10000p,200000b,50000s
</usr/share/texmf-texlive/fonts/type1/public/amsfonts/cm/cmbx12.pfb></usr/sha
re/texmf-texlive/fonts/type1/public/amsfonts/cm/cmex10.pfb></usr/share/texmf-te
xlive/fonts/type1/public/amsfonts/cm/cmmi12.pfb></usr/share/texmf-texlive/fonts
/type1/public/amsfonts/cm/cmmi8.pfb></usr/share/texmf-texlive/fonts/type1/publi
c/amsfonts/cm/cmr12.pfb></usr/share/texmf-texlive/fonts/type1/public/amsfonts/c
m/cmr17.pfb></usr/share/texmf-texlive/fonts/type1/public/amsfonts/cm/cmsy10.pfb
></usr/share/texmf-texlive/fonts/type1/public/amsfonts/cm/cmsy8.pfb></usr/share
/texmf-texlive/fonts/type1/public/amsfonts/cm/cmti12.pfb>
Output written on bachelor_thesis.pdf (20 pages, 152218 bytes).
PDF statistics:
 200 PDF objects out of 1000 (max. 8388607)
 47 named destinations out of 1000 (max. 500000)
 73 words of extra memory for PDF output out of 10000 (max. 10000000)

